1617103519881	mozrunner::runner	INFO	Running command: "C:\\Program Files\\Mozilla Firefox\\firefox.exe" "-marionette" "-foreground" "-no-remote" "-profile" "C:\\Users\\wu\\AppData\\Local\\Temp\\rust_mozprofile.jZedBzdMJ6L6"
1617103521167	addons.webextension.screenshots@mozilla.org	WARN	Loading extension 'screenshots@mozilla.org': Reading manifest: Invalid extension permission: mozillaAddons
1617103521168	addons.webextension.screenshots@mozilla.org	WARN	Loading extension 'screenshots@mozilla.org': Reading manifest: Invalid extension permission: resource://pdf.js/
1617103521168	addons.webextension.screenshots@mozilla.org	WARN	Loading extension 'screenshots@mozilla.org': Reading manifest: Invalid extension permission: about:reader*
1617103521417	Marionette	TRACE	Received observer notification profile-after-change
1617103521580	Marionette	TRACE	Received observer notification toplevel-window-ready
1617103521785	Marionette	TRACE	Received observer notification command-line-startup
1617103521786	Marionette	TRACE	Received observer notification nsPref:changed
1617103521786	Marionette	DEBUG	Init aborted (running=false, enabled=true, finalUIStartup=false)
1617103522158	Marionette	TRACE	Received observer notification toplevel-window-ready
1617103524800	Marionette	TRACE	Received observer notification marionette-startup-requested
1617103524801	Marionette	TRACE	Waiting until startup recorder finished recording startup scripts...
1617103524822	Marionette	TRACE	All scripts recorded.
1617103524822	Marionette	DEBUG	Setting recommended pref apz.content_response_timeout to 60000
1617103524823	Marionette	DEBUG	Setting recommended pref browser.contentblocking.introCount to 99
1617103524823	Marionette	DEBUG	Setting recommended pref browser.download.panel.shown to true
1617103524824	Marionette	DEBUG	Setting recommended pref browser.newtabpage.enabled to false
1617103524824	Marionette	DEBUG	Setting recommended pref browser.pagethumbnails.capturing_disabled to true
1617103524825	Marionette	DEBUG	Setting recommended pref browser.search.update to false
1617103524826	Marionette	DEBUG	Setting recommended pref browser.tabs.disableBackgroundZombification to false
1617103524826	Marionette	DEBUG	Setting recommended pref browser.tabs.warnOnCloseOtherTabs to false
1617103524827	Marionette	DEBUG	Setting recommended pref browser.tabs.warnOnOpen to false
1617103524827	Marionette	DEBUG	Setting recommended pref browser.usedOnWindows10.introURL to 
1617103524828	Marionette	DEBUG	Setting recommended pref browser.urlbar.suggest.searches to false
1617103524829	Marionette	DEBUG	Setting recommended pref datareporting.policy.dataSubmissionPolicyAccepted to false
1617103524829	Marionette	DEBUG	Setting recommended pref dom.disable_beforeunload to true
1617103524829	Marionette	DEBUG	Setting recommended pref dom.disable_open_during_load to false
1617103524830	Marionette	DEBUG	Setting recommended pref dom.file.createInChild to true
1617103524830	Marionette	DEBUG	Setting recommended pref dom.max_chrome_script_run_time to 0
1617103524830	Marionette	DEBUG	Setting recommended pref dom.max_script_run_time to 0
1617103524831	Marionette	DEBUG	Setting recommended pref extensions.getAddons.cache.enabled to false
1617103524831	Marionette	DEBUG	Setting recommended pref extensions.webservice.discoverURL to http://%(server)s/dummy/discoveryURL
1617103524832	Marionette	DEBUG	Setting recommended pref network.http.prompt-temp-redirect to false
1617103524832	Marionette	DEBUG	Setting recommended pref network.http.speculative-parallel-limit to 0
1617103524832	Marionette	DEBUG	Setting recommended pref security.certerrors.mitm.priming.enabled to false
1617103524833	Marionette	DEBUG	Setting recommended pref security.fileuri.strict_origin_policy to false
1617103524833	Marionette	DEBUG	Setting recommended pref security.notification_enable_delay to 0
1617103524834	Marionette	DEBUG	Setting recommended pref signon.autofillForms to false
1617103524834	Marionette	DEBUG	Setting recommended pref signon.rememberSignons to false
1617103524835	Marionette	DEBUG	Setting recommended pref toolkit.cosmeticAnimations.enabled to false
1617103524987	Marionette	INFO	Listening on port 52357
1617103524988	Marionette	DEBUG	Remote service is active
1617103525207	Marionette	DEBUG	Accepted connection 0 from 127.0.0.1:52370
1617103525211	Marionette	DEBUG	0 -> [0,1,"WebDriver:NewSession",{"acceptInsecureCerts":true,"browserName":"firefox"}]
1617103525213	Marionette	WARN	TLS certificate errors will be ignored for this session
1617103525279	Marionette	TRACE	[6442450945] Frame script loaded
1617103525285	Marionette	TRACE	[6442450945] Frame script registered
1617103525323	Marionette	DEBUG	0 <- [1,1,null,{"sessionId":"b1cf6cb4-1802-41a2-a919-596bcc2ad6d0","capabilities":{"browserName":"firefox","browserVersion":"67.0" ... ozprofile.jZedBzdMJ6L6","moz:shutdownTimeout":60000,"moz:useNonSpecCompliantPointerOrigin":false,"moz:webdriverClick":true}}]
1617103525402	Marionette	DEBUG	0 -> [0,2,"WebDriver:Navigate",{"url":"http://101.133.169.100:8088/index.html"}]
1617103525430	Marionette	TRACE	[6442450945] Received DOM event beforeunload for about:blank
1617103530891	Marionette	TRACE	[6442450945] Received DOM event pagehide for about:blank
1617103571836	Marionette	TRACE	[6442450945] Received observer notification outer-window-destroyed
1617103571837	Marionette	TRACE	[6442450945] Received DOM event DOMContentLoaded for http://101.133.169.100:8088/index.html#/
1617103578137	Marionette	TRACE	[6442450945] Received DOM event pageshow for http://101.133.169.100:8088/index.html#/login?redirect=%2F404
1617103578140	Marionette	DEBUG	0 <- [1,2,null,{"value":null}]
1617103578146	Marionette	DEBUG	0 -> [0,3,"WebDriver:MaximizeWindow",{}]
1617103578439	Marionette	DEBUG	0 <- [1,3,null,{"x":-8,"y":-8,"width":1456,"height":876}]
1617103583448	Marionette	DEBUG	0 -> [0,4,"WebDriver:FindElement",{"using":"css selector","value":"[name=\"username\"]"}]
1617103583455	Marionette	DEBUG	0 <- [1,4,null,{"value":{"element-6066-11e4-a52e-4f735466cecf":"661d8d9b-c4e3-4472-b657-7acdd22b8d36"}}]
1617103583461	Marionette	DEBUG	0 -> [0,5,"WebDriver:ElementSendKeys",{"id":"661d8d9b-c4e3-4472-b657-7acdd22b8d36","text":"18621796828","value":["1","8","6","2","1","7","9","6","8","2","8"]}]
1617103583493	Marionette	DEBUG	0 <- [1,5,null,{"value":null}]
1617103583500	Marionette	DEBUG	0 -> [0,6,"WebDriver:FindElement",{"using":"css selector","value":"[name=\"password\"]"}]
1617103583518	Marionette	DEBUG	0 <- [1,6,null,{"value":{"element-6066-11e4-a52e-4f735466cecf":"147d1608-1e0f-4fa3-b75f-414343ae14b9"}}]
1617103583521	Marionette	DEBUG	0 -> [0,7,"WebDriver:ElementSendKeys",{"id":"147d1608-1e0f-4fa3-b75f-414343ae14b9","text":"123456","value":["1","2","3","4","5","6"]}]
1617103583540	Marionette	DEBUG	0 <- [1,7,null,{"value":null}]
1617103583545	Marionette	DEBUG	0 -> [0,8,"WebDriver:FindElement",{"using":"xpath","value":"//button[@type='button']"}]
1617103583552	Marionette	DEBUG	0 <- [1,8,null,{"value":{"element-6066-11e4-a52e-4f735466cecf":"f26b4d03-19fd-4977-81f4-778882a8814a"}}]
1617103583555	Marionette	DEBUG	0 -> [0,9,"WebDriver:ElementClick",{"id":"f26b4d03-19fd-4977-81f4-778882a8814a"}]
1617103583805	Marionette	DEBUG	[6442450945] Canceled page load listener because no navigation has been detected
1617103583806	Marionette	DEBUG	0 <- [1,9,null,{"value":null}]
1617103593827	Marionette	DEBUG	0 -> [0,10,"WebDriver:FindElement",{"using":"xpath","value":"//*[@id=\"app\"]/section/header/div/div/div/a[4]/div"}]
1617103593838	Marionette	DEBUG	0 <- [1,10,{"error":"no such element","message":"Unable to locate element: //*[@id=\"app\"]/section/header/div/div/div/a[4]/div"," ... entError@chrome://marionette/content/error.js:389:5\nelement.find/</<@chrome://marionette/content/element.js:339:16\n"},null]
1617103594356	Marionette	DEBUG	0 -> [0,11,"WebDriver:FindElement",{"using":"xpath","value":"//*[@id=\"app\"]/section/header/div/div/div/a[4]/div"}]
1617103594362	Marionette	DEBUG	0 <- [1,11,{"error":"no such element","message":"Unable to locate element: //*[@id=\"app\"]/section/header/div/div/div/a[4]/div"," ... entError@chrome://marionette/content/error.js:389:5\nelement.find/</<@chrome://marionette/content/element.js:339:16\n"},null]
1617103594872	Marionette	DEBUG	0 -> [0,12,"WebDriver:FindElement",{"using":"xpath","value":"//*[@id=\"app\"]/section/header/div/div/div/a[4]/div"}]
1617103594877	Marionette	DEBUG	0 <- [1,12,{"error":"no such element","message":"Unable to locate element: //*[@id=\"app\"]/section/header/div/div/div/a[4]/div"," ... entError@chrome://marionette/content/error.js:389:5\nelement.find/</<@chrome://marionette/content/element.js:339:16\n"},null]
1617103595404	Marionette	DEBUG	0 -> [0,13,"WebDriver:FindElement",{"using":"xpath","value":"//*[@id=\"app\"]/section/header/div/div/div/a[4]/div"}]
1617103595415	Marionette	DEBUG	0 <- [1,13,{"error":"no such element","message":"Unable to locate element: //*[@id=\"app\"]/section/header/div/div/div/a[4]/div"," ... entError@chrome://marionette/content/error.js:389:5\nelement.find/</<@chrome://marionette/content/element.js:339:16\n"},null]
1617103595928	Marionette	DEBUG	0 -> [0,14,"WebDriver:FindElement",{"using":"xpath","value":"//*[@id=\"app\"]/section/header/div/div/div/a[4]/div"}]
1617103595935	Marionette	DEBUG	0 <- [1,14,{"error":"no such element","message":"Unable to locate element: //*[@id=\"app\"]/section/header/div/div/div/a[4]/div"," ... entError@chrome://marionette/content/error.js:389:5\nelement.find/</<@chrome://marionette/content/element.js:339:16\n"},null]
1617103596456	Marionette	DEBUG	0 -> [0,15,"WebDriver:FindElement",{"using":"xpath","value":"//*[@id=\"app\"]/section/header/div/div/div/a[4]/div"}]
1617103596458	Marionette	DEBUG	0 <- [1,15,{"error":"no such element","message":"Unable to locate element: //*[@id=\"app\"]/section/header/div/div/div/a[4]/div"," ... entError@chrome://marionette/content/error.js:389:5\nelement.find/</<@chrome://marionette/content/element.js:339:16\n"},null]
1617103596970	Marionette	DEBUG	0 -> [0,16,"WebDriver:FindElement",{"using":"xpath","value":"//*[@id=\"app\"]/section/header/div/div/div/a[4]/div"}]
1617103596975	Marionette	DEBUG	0 <- [1,16,{"error":"no such element","message":"Unable to locate element: //*[@id=\"app\"]/section/header/div/div/div/a[4]/div"," ... entError@chrome://marionette/content/error.js:389:5\nelement.find/</<@chrome://marionette/content/element.js:339:16\n"},null]
1617103597487	Marionette	DEBUG	0 -> [0,17,"WebDriver:FindElement",{"using":"xpath","value":"//*[@id=\"app\"]/section/header/div/div/div/a[4]/div"}]
1617103597495	Marionette	DEBUG	0 <- [1,17,{"error":"no such element","message":"Unable to locate element: //*[@id=\"app\"]/section/header/div/div/div/a[4]/div"," ... entError@chrome://marionette/content/error.js:389:5\nelement.find/</<@chrome://marionette/content/element.js:339:16\n"},null]
1617103598000	Marionette	DEBUG	0 -> [0,18,"WebDriver:FindElement",{"using":"xpath","value":"//*[@id=\"app\"]/section/header/div/div/div/a[4]/div"}]
1617103598006	Marionette	DEBUG	0 <- [1,18,{"error":"no such element","message":"Unable to locate element: //*[@id=\"app\"]/section/header/div/div/div/a[4]/div"," ... entError@chrome://marionette/content/error.js:389:5\nelement.find/</<@chrome://marionette/content/element.js:339:16\n"},null]
1617103598514	Marionette	DEBUG	0 -> [0,19,"WebDriver:FindElement",{"using":"xpath","value":"//*[@id=\"app\"]/section/header/div/div/div/a[4]/div"}]
1617103598519	Marionette	DEBUG	0 <- [1,19,{"error":"no such element","message":"Unable to locate element: //*[@id=\"app\"]/section/header/div/div/div/a[4]/div"," ... entError@chrome://marionette/content/error.js:389:5\nelement.find/</<@chrome://marionette/content/element.js:339:16\n"},null]
1617103599033	Marionette	DEBUG	0 -> [0,20,"WebDriver:FindElement",{"using":"xpath","value":"//*[@id=\"app\"]/section/header/div/div/div/a[4]/div"}]
1617103599038	Marionette	DEBUG	0 <- [1,20,{"error":"no such element","message":"Unable to locate element: //*[@id=\"app\"]/section/header/div/div/div/a[4]/div"," ... entError@chrome://marionette/content/error.js:389:5\nelement.find/</<@chrome://marionette/content/element.js:339:16\n"},null]
1617103599554	Marionette	DEBUG	0 -> [0,21,"WebDriver:FindElement",{"using":"xpath","value":"//*[@id=\"app\"]/section/header/div/div/div/a[4]/div"}]
1617103599557	Marionette	DEBUG	0 <- [1,21,{"error":"no such element","message":"Unable to locate element: //*[@id=\"app\"]/section/header/div/div/div/a[4]/div"," ... entError@chrome://marionette/content/error.js:389:5\nelement.find/</<@chrome://marionette/content/element.js:339:16\n"},null]
1617103600076	Marionette	DEBUG	0 -> [0,22,"WebDriver:FindElement",{"using":"xpath","value":"//*[@id=\"app\"]/section/header/div/div/div/a[4]/div"}]
1617103600078	Marionette	DEBUG	0 <- [1,22,{"error":"no such element","message":"Unable to locate element: //*[@id=\"app\"]/section/header/div/div/div/a[4]/div"," ... entError@chrome://marionette/content/error.js:389:5\nelement.find/</<@chrome://marionette/content/element.js:339:16\n"},null]
1617103600597	Marionette	DEBUG	0 -> [0,23,"WebDriver:FindElement",{"using":"xpath","value":"//*[@id=\"app\"]/section/header/div/div/div/a[4]/div"}]
1617103600602	Marionette	DEBUG	0 <- [1,23,{"error":"no such element","message":"Unable to locate element: //*[@id=\"app\"]/section/header/div/div/div/a[4]/div"," ... entError@chrome://marionette/content/error.js:389:5\nelement.find/</<@chrome://marionette/content/element.js:339:16\n"},null]
1617103601115	Marionette	DEBUG	0 -> [0,24,"WebDriver:FindElement",{"using":"xpath","value":"//*[@id=\"app\"]/section/header/div/div/div/a[4]/div"}]
1617103601120	Marionette	DEBUG	0 <- [1,24,{"error":"no such element","message":"Unable to locate element: //*[@id=\"app\"]/section/header/div/div/div/a[4]/div"," ... entError@chrome://marionette/content/error.js:389:5\nelement.find/</<@chrome://marionette/content/element.js:339:16\n"},null]
1617103601628	Marionette	DEBUG	0 -> [0,25,"WebDriver:FindElement",{"using":"xpath","value":"//*[@id=\"app\"]/section/header/div/div/div/a[4]/div"}]
1617103601633	Marionette	DEBUG	0 <- [1,25,{"error":"no such element","message":"Unable to locate element: //*[@id=\"app\"]/section/header/div/div/div/a[4]/div"," ... entError@chrome://marionette/content/error.js:389:5\nelement.find/</<@chrome://marionette/content/element.js:339:16\n"},null]
1617103602141	Marionette	DEBUG	0 -> [0,26,"WebDriver:FindElement",{"using":"xpath","value":"//*[@id=\"app\"]/section/header/div/div/div/a[4]/div"}]
1617103602143	Marionette	DEBUG	0 <- [1,26,{"error":"no such element","message":"Unable to locate element: //*[@id=\"app\"]/section/header/div/div/div/a[4]/div"," ... entError@chrome://marionette/content/error.js:389:5\nelement.find/</<@chrome://marionette/content/element.js:339:16\n"},null]
1617103602657	Marionette	DEBUG	0 -> [0,27,"WebDriver:FindElement",{"using":"xpath","value":"//*[@id=\"app\"]/section/header/div/div/div/a[4]/div"}]
1617103602661	Marionette	DEBUG	0 <- [1,27,{"error":"no such element","message":"Unable to locate element: //*[@id=\"app\"]/section/header/div/div/div/a[4]/div"," ... entError@chrome://marionette/content/error.js:389:5\nelement.find/</<@chrome://marionette/content/element.js:339:16\n"},null]
1617103603189	Marionette	DEBUG	0 -> [0,28,"WebDriver:FindElement",{"using":"xpath","value":"//*[@id=\"app\"]/section/header/div/div/div/a[4]/div"}]
1617103603211	Marionette	DEBUG	0 <- [1,28,{"error":"no such element","message":"Unable to locate element: //*[@id=\"app\"]/section/header/div/div/div/a[4]/div"," ... entError@chrome://marionette/content/error.js:389:5\nelement.find/</<@chrome://marionette/content/element.js:339:16\n"},null]
1617103603730	Marionette	DEBUG	0 -> [0,29,"WebDriver:FindElement",{"using":"xpath","value":"//*[@id=\"app\"]/section/header/div/div/div/a[4]/div"}]
1617103603734	Marionette	DEBUG	0 <- [1,29,{"error":"no such element","message":"Unable to locate element: //*[@id=\"app\"]/section/header/div/div/div/a[4]/div"," ... entError@chrome://marionette/content/error.js:389:5\nelement.find/</<@chrome://marionette/content/element.js:339:16\n"},null]
console.error: BroadcastService: 
  receivedBroadcastMessage: handler for
  remote-settings/monitor_changes
  threw error:
  Message: Error: Polling for changes failed: http://%(server)s/dummy/blocklist//buckets/monitor/collections/changes/records?_expected=%221617091143199%22 is not a valid URL..
  Stack:
    remoteSettingsFunction/remoteSettings.pollChanges@resource://services-settings/remote-settings.js:203:13

1617103604244	Marionette	DEBUG	0 -> [0,30,"WebDriver:FindElement",{"using":"xpath","value":"//*[@id=\"app\"]/section/header/div/div/div/a[4]/div"}]
1617103604246	Marionette	DEBUG	0 <- [1,30,{"error":"no such element","message":"Unable to locate element: //*[@id=\"app\"]/section/header/div/div/div/a[4]/div"," ... entError@chrome://marionette/content/error.js:389:5\nelement.find/</<@chrome://marionette/content/element.js:339:16\n"},null]
1617103604755	Marionette	DEBUG	0 -> [0,31,"WebDriver:FindElement",{"using":"xpath","value":"//*[@id=\"app\"]/section/header/div/div/div/a[4]/div"}]
1617103604757	Marionette	DEBUG	0 <- [1,31,{"error":"no such element","message":"Unable to locate element: //*[@id=\"app\"]/section/header/div/div/div/a[4]/div"," ... entError@chrome://marionette/content/error.js:389:5\nelement.find/</<@chrome://marionette/content/element.js:339:16\n"},null]
1617103605272	Marionette	DEBUG	0 -> [0,32,"WebDriver:FindElement",{"using":"xpath","value":"//*[@id=\"app\"]/section/header/div/div/div/a[4]/div"}]
1617103605277	Marionette	DEBUG	0 <- [1,32,{"error":"no such element","message":"Unable to locate element: //*[@id=\"app\"]/section/header/div/div/div/a[4]/div"," ... entError@chrome://marionette/content/error.js:389:5\nelement.find/</<@chrome://marionette/content/element.js:339:16\n"},null]
1617103605797	Marionette	DEBUG	0 -> [0,33,"WebDriver:FindElement",{"using":"xpath","value":"//*[@id=\"app\"]/section/header/div/div/div/a[4]/div"}]
1617103605801	Marionette	DEBUG	0 <- [1,33,{"error":"no such element","message":"Unable to locate element: //*[@id=\"app\"]/section/header/div/div/div/a[4]/div"," ... entError@chrome://marionette/content/error.js:389:5\nelement.find/</<@chrome://marionette/content/element.js:339:16\n"},null]
1617103606313	Marionette	DEBUG	0 -> [0,34,"WebDriver:FindElement",{"using":"xpath","value":"//*[@id=\"app\"]/section/header/div/div/div/a[4]/div"}]
1617103606316	Marionette	DEBUG	0 <- [1,34,{"error":"no such element","message":"Unable to locate element: //*[@id=\"app\"]/section/header/div/div/div/a[4]/div"," ... entError@chrome://marionette/content/error.js:389:5\nelement.find/</<@chrome://marionette/content/element.js:339:16\n"},null]
1617103606828	Marionette	DEBUG	0 -> [0,35,"WebDriver:FindElement",{"using":"xpath","value":"//*[@id=\"app\"]/section/header/div/div/div/a[4]/div"}]
1617103606831	Marionette	DEBUG	0 <- [1,35,{"error":"no such element","message":"Unable to locate element: //*[@id=\"app\"]/section/header/div/div/div/a[4]/div"," ... entError@chrome://marionette/content/error.js:389:5\nelement.find/</<@chrome://marionette/content/element.js:339:16\n"},null]
1617103607344	Marionette	DEBUG	0 -> [0,36,"WebDriver:FindElement",{"using":"xpath","value":"//*[@id=\"app\"]/section/header/div/div/div/a[4]/div"}]
1617103607348	Marionette	DEBUG	0 <- [1,36,{"error":"no such element","message":"Unable to locate element: //*[@id=\"app\"]/section/header/div/div/div/a[4]/div"," ... entError@chrome://marionette/content/error.js:389:5\nelement.find/</<@chrome://marionette/content/element.js:339:16\n"},null]
1617103607868	Marionette	DEBUG	0 -> [0,37,"WebDriver:FindElement",{"using":"xpath","value":"//*[@id=\"app\"]/section/header/div/div/div/a[4]/div"}]
1617103607874	Marionette	DEBUG	0 <- [1,37,{"error":"no such element","message":"Unable to locate element: //*[@id=\"app\"]/section/header/div/div/div/a[4]/div"," ... entError@chrome://marionette/content/error.js:389:5\nelement.find/</<@chrome://marionette/content/element.js:339:16\n"},null]
1617103608384	Marionette	DEBUG	0 -> [0,38,"WebDriver:FindElement",{"using":"xpath","value":"//*[@id=\"app\"]/section/header/div/div/div/a[4]/div"}]
1617103608389	Marionette	DEBUG	0 <- [1,38,{"error":"no such element","message":"Unable to locate element: //*[@id=\"app\"]/section/header/div/div/div/a[4]/div"," ... entError@chrome://marionette/content/error.js:389:5\nelement.find/</<@chrome://marionette/content/element.js:339:16\n"},null]
1617103608899	Marionette	DEBUG	0 -> [0,39,"WebDriver:FindElement",{"using":"xpath","value":"//*[@id=\"app\"]/section/header/div/div/div/a[4]/div"}]
1617103608903	Marionette	DEBUG	0 <- [1,39,{"error":"no such element","message":"Unable to locate element: //*[@id=\"app\"]/section/header/div/div/div/a[4]/div"," ... entError@chrome://marionette/content/error.js:389:5\nelement.find/</<@chrome://marionette/content/element.js:339:16\n"},null]
1617103609414	Marionette	DEBUG	0 -> [0,40,"WebDriver:FindElement",{"using":"xpath","value":"//*[@id=\"app\"]/section/header/div/div/div/a[4]/div"}]
1617103609417	Marionette	DEBUG	0 <- [1,40,{"error":"no such element","message":"Unable to locate element: //*[@id=\"app\"]/section/header/div/div/div/a[4]/div"," ... entError@chrome://marionette/content/error.js:389:5\nelement.find/</<@chrome://marionette/content/element.js:339:16\n"},null]
1617103609927	Marionette	DEBUG	0 -> [0,41,"WebDriver:FindElement",{"using":"xpath","value":"//*[@id=\"app\"]/section/header/div/div/div/a[4]/div"}]
1617103609931	Marionette	DEBUG	0 <- [1,41,{"error":"no such element","message":"Unable to locate element: //*[@id=\"app\"]/section/header/div/div/div/a[4]/div"," ... entError@chrome://marionette/content/error.js:389:5\nelement.find/</<@chrome://marionette/content/element.js:339:16\n"},null]
1617103610444	Marionette	DEBUG	0 -> [0,42,"WebDriver:FindElement",{"using":"xpath","value":"//*[@id=\"app\"]/section/header/div/div/div/a[4]/div"}]
1617103610447	Marionette	DEBUG	0 <- [1,42,{"error":"no such element","message":"Unable to locate element: //*[@id=\"app\"]/section/header/div/div/div/a[4]/div"," ... entError@chrome://marionette/content/error.js:389:5\nelement.find/</<@chrome://marionette/content/element.js:339:16\n"},null]
1617103610967	Marionette	DEBUG	0 -> [0,43,"WebDriver:FindElement",{"using":"xpath","value":"//*[@id=\"app\"]/section/header/div/div/div/a[4]/div"}]
1617103610971	Marionette	DEBUG	0 <- [1,43,{"error":"no such element","message":"Unable to locate element: //*[@id=\"app\"]/section/header/div/div/div/a[4]/div"," ... entError@chrome://marionette/content/error.js:389:5\nelement.find/</<@chrome://marionette/content/element.js:339:16\n"},null]
1617103611494	Marionette	DEBUG	0 -> [0,44,"WebDriver:FindElement",{"using":"xpath","value":"//*[@id=\"app\"]/section/header/div/div/div/a[4]/div"}]
1617103611497	Marionette	DEBUG	0 <- [1,44,{"error":"no such element","message":"Unable to locate element: //*[@id=\"app\"]/section/header/div/div/div/a[4]/div"," ... entError@chrome://marionette/content/error.js:389:5\nelement.find/</<@chrome://marionette/content/element.js:339:16\n"},null]
1617103612006	Marionette	DEBUG	0 -> [0,45,"WebDriver:FindElement",{"using":"xpath","value":"//*[@id=\"app\"]/section/header/div/div/div/a[4]/div"}]
1617103612011	Marionette	DEBUG	0 <- [1,45,{"error":"no such element","message":"Unable to locate element: //*[@id=\"app\"]/section/header/div/div/div/a[4]/div"," ... entError@chrome://marionette/content/error.js:389:5\nelement.find/</<@chrome://marionette/content/element.js:339:16\n"},null]
1617103612532	Marionette	DEBUG	0 -> [0,46,"WebDriver:FindElement",{"using":"xpath","value":"//*[@id=\"app\"]/section/header/div/div/div/a[4]/div"}]
1617103612536	Marionette	DEBUG	0 <- [1,46,{"error":"no such element","message":"Unable to locate element: //*[@id=\"app\"]/section/header/div/div/div/a[4]/div"," ... entError@chrome://marionette/content/error.js:389:5\nelement.find/</<@chrome://marionette/content/element.js:339:16\n"},null]
1617103613047	Marionette	DEBUG	0 -> [0,47,"WebDriver:FindElement",{"using":"xpath","value":"//*[@id=\"app\"]/section/header/div/div/div/a[4]/div"}]
1617103613050	Marionette	DEBUG	0 <- [1,47,{"error":"no such element","message":"Unable to locate element: //*[@id=\"app\"]/section/header/div/div/div/a[4]/div"," ... entError@chrome://marionette/content/error.js:389:5\nelement.find/</<@chrome://marionette/content/element.js:339:16\n"},null]
1617103613561	Marionette	DEBUG	0 -> [0,48,"WebDriver:FindElement",{"using":"xpath","value":"//*[@id=\"app\"]/section/header/div/div/div/a[4]/div"}]
1617103613565	Marionette	DEBUG	0 <- [1,48,{"error":"no such element","message":"Unable to locate element: //*[@id=\"app\"]/section/header/div/div/div/a[4]/div"," ... entError@chrome://marionette/content/error.js:389:5\nelement.find/</<@chrome://marionette/content/element.js:339:16\n"},null]
1617103614076	Marionette	DEBUG	0 -> [0,49,"WebDriver:FindElement",{"using":"xpath","value":"//*[@id=\"app\"]/section/header/div/div/div/a[4]/div"}]
1617103614080	Marionette	DEBUG	0 <- [1,49,{"error":"no such element","message":"Unable to locate element: //*[@id=\"app\"]/section/header/div/div/div/a[4]/div"," ... entError@chrome://marionette/content/error.js:389:5\nelement.find/</<@chrome://marionette/content/element.js:339:16\n"},null]
1617103614592	Marionette	DEBUG	0 -> [0,50,"WebDriver:FindElement",{"using":"xpath","value":"//*[@id=\"app\"]/section/header/div/div/div/a[4]/div"}]
1617103614596	Marionette	DEBUG	0 <- [1,50,{"error":"no such element","message":"Unable to locate element: //*[@id=\"app\"]/section/header/div/div/div/a[4]/div"," ... entError@chrome://marionette/content/error.js:389:5\nelement.find/</<@chrome://marionette/content/element.js:339:16\n"},null]
1617103615104	Marionette	DEBUG	0 -> [0,51,"WebDriver:FindElement",{"using":"xpath","value":"//*[@id=\"app\"]/section/header/div/div/div/a[4]/div"}]
1617103615106	Marionette	DEBUG	0 <- [1,51,{"error":"no such element","message":"Unable to locate element: //*[@id=\"app\"]/section/header/div/div/div/a[4]/div"," ... entError@chrome://marionette/content/error.js:389:5\nelement.find/</<@chrome://marionette/content/element.js:339:16\n"},null]
1617103615617	Marionette	DEBUG	0 -> [0,52,"WebDriver:FindElement",{"using":"xpath","value":"//*[@id=\"app\"]/section/header/div/div/div/a[4]/div"}]
1617103615621	Marionette	DEBUG	0 <- [1,52,{"error":"no such element","message":"Unable to locate element: //*[@id=\"app\"]/section/header/div/div/div/a[4]/div"," ... entError@chrome://marionette/content/error.js:389:5\nelement.find/</<@chrome://marionette/content/element.js:339:16\n"},null]
1617103616130	Marionette	DEBUG	0 -> [0,53,"WebDriver:FindElement",{"using":"xpath","value":"//*[@id=\"app\"]/section/header/div/div/div/a[4]/div"}]
1617103616133	Marionette	DEBUG	0 <- [1,53,{"error":"no such element","message":"Unable to locate element: //*[@id=\"app\"]/section/header/div/div/div/a[4]/div"," ... entError@chrome://marionette/content/error.js:389:5\nelement.find/</<@chrome://marionette/content/element.js:339:16\n"},null]
1617103616644	Marionette	DEBUG	0 -> [0,54,"WebDriver:FindElement",{"using":"xpath","value":"//*[@id=\"app\"]/section/header/div/div/div/a[4]/div"}]
1617103616648	Marionette	DEBUG	0 <- [1,54,{"error":"no such element","message":"Unable to locate element: //*[@id=\"app\"]/section/header/div/div/div/a[4]/div"," ... entError@chrome://marionette/content/error.js:389:5\nelement.find/</<@chrome://marionette/content/element.js:339:16\n"},null]
1617103617156	Marionette	DEBUG	0 -> [0,55,"WebDriver:FindElement",{"using":"xpath","value":"//*[@id=\"app\"]/section/header/div/div/div/a[4]/div"}]
1617103617160	Marionette	DEBUG	0 <- [1,55,{"error":"no such element","message":"Unable to locate element: //*[@id=\"app\"]/section/header/div/div/div/a[4]/div"," ... entError@chrome://marionette/content/error.js:389:5\nelement.find/</<@chrome://marionette/content/element.js:339:16\n"},null]
1617103617667	Marionette	DEBUG	0 -> [0,56,"WebDriver:FindElement",{"using":"xpath","value":"//*[@id=\"app\"]/section/header/div/div/div/a[4]/div"}]
1617103617672	Marionette	DEBUG	0 <- [1,56,{"error":"no such element","message":"Unable to locate element: //*[@id=\"app\"]/section/header/div/div/div/a[4]/div"," ... entError@chrome://marionette/content/error.js:389:5\nelement.find/</<@chrome://marionette/content/element.js:339:16\n"},null]
1617103618181	Marionette	DEBUG	0 -> [0,57,"WebDriver:FindElement",{"using":"xpath","value":"//*[@id=\"app\"]/section/header/div/div/div/a[4]/div"}]
1617103618184	Marionette	DEBUG	0 <- [1,57,{"error":"no such element","message":"Unable to locate element: //*[@id=\"app\"]/section/header/div/div/div/a[4]/div"," ... entError@chrome://marionette/content/error.js:389:5\nelement.find/</<@chrome://marionette/content/element.js:339:16\n"},null]
1617103618695	Marionette	DEBUG	0 -> [0,58,"WebDriver:FindElement",{"using":"xpath","value":"//*[@id=\"app\"]/section/header/div/div/div/a[4]/div"}]
1617103618699	Marionette	DEBUG	0 <- [1,58,{"error":"no such element","message":"Unable to locate element: //*[@id=\"app\"]/section/header/div/div/div/a[4]/div"," ... entError@chrome://marionette/content/error.js:389:5\nelement.find/</<@chrome://marionette/content/element.js:339:16\n"},null]
1617103619210	Marionette	DEBUG	0 -> [0,59,"WebDriver:FindElement",{"using":"xpath","value":"//*[@id=\"app\"]/section/header/div/div/div/a[4]/div"}]
1617103619214	Marionette	DEBUG	0 <- [1,59,{"error":"no such element","message":"Unable to locate element: //*[@id=\"app\"]/section/header/div/div/div/a[4]/div"," ... entError@chrome://marionette/content/error.js:389:5\nelement.find/</<@chrome://marionette/content/element.js:339:16\n"},null]
1617103619724	Marionette	DEBUG	0 -> [0,60,"WebDriver:FindElement",{"using":"xpath","value":"//*[@id=\"app\"]/section/header/div/div/div/a[4]/div"}]
1617103619728	Marionette	DEBUG	0 <- [1,60,{"error":"no such element","message":"Unable to locate element: //*[@id=\"app\"]/section/header/div/div/div/a[4]/div"," ... entError@chrome://marionette/content/error.js:389:5\nelement.find/</<@chrome://marionette/content/element.js:339:16\n"},null]
1617103620235	Marionette	DEBUG	0 -> [0,61,"WebDriver:FindElement",{"using":"xpath","value":"//*[@id=\"app\"]/section/header/div/div/div/a[4]/div"}]
1617103620240	Marionette	DEBUG	0 <- [1,61,{"error":"no such element","message":"Unable to locate element: //*[@id=\"app\"]/section/header/div/div/div/a[4]/div"," ... entError@chrome://marionette/content/error.js:389:5\nelement.find/</<@chrome://marionette/content/element.js:339:16\n"},null]
1617103620762	Marionette	DEBUG	0 -> [0,62,"WebDriver:FindElement",{"using":"xpath","value":"//*[@id=\"app\"]/section/header/div/div/div/a[4]/div"}]
1617103620766	Marionette	DEBUG	0 <- [1,62,{"error":"no such element","message":"Unable to locate element: //*[@id=\"app\"]/section/header/div/div/div/a[4]/div"," ... entError@chrome://marionette/content/error.js:389:5\nelement.find/</<@chrome://marionette/content/element.js:339:16\n"},null]
1617103621277	Marionette	DEBUG	0 -> [0,63,"WebDriver:FindElement",{"using":"xpath","value":"//*[@id=\"app\"]/section/header/div/div/div/a[4]/div"}]
1617103621281	Marionette	DEBUG	0 <- [1,63,{"error":"no such element","message":"Unable to locate element: //*[@id=\"app\"]/section/header/div/div/div/a[4]/div"," ... entError@chrome://marionette/content/error.js:389:5\nelement.find/</<@chrome://marionette/content/element.js:339:16\n"},null]
1617103621802	Marionette	DEBUG	0 -> [0,64,"WebDriver:FindElement",{"using":"xpath","value":"//*[@id=\"app\"]/section/header/div/div/div/a[4]/div"}]
1617103621806	Marionette	DEBUG	0 <- [1,64,{"error":"no such element","message":"Unable to locate element: //*[@id=\"app\"]/section/header/div/div/div/a[4]/div"," ... entError@chrome://marionette/content/error.js:389:5\nelement.find/</<@chrome://marionette/content/element.js:339:16\n"},null]
1617103622313	Marionette	DEBUG	0 -> [0,65,"WebDriver:FindElement",{"using":"xpath","value":"//*[@id=\"app\"]/section/header/div/div/div/a[4]/div"}]
1617103622315	Marionette	DEBUG	0 <- [1,65,{"error":"no such element","message":"Unable to locate element: //*[@id=\"app\"]/section/header/div/div/div/a[4]/div"," ... entError@chrome://marionette/content/error.js:389:5\nelement.find/</<@chrome://marionette/content/element.js:339:16\n"},null]
1617103622826	Marionette	DEBUG	0 -> [0,66,"WebDriver:FindElement",{"using":"xpath","value":"//*[@id=\"app\"]/section/header/div/div/div/a[4]/div"}]
1617103622830	Marionette	DEBUG	0 <- [1,66,{"error":"no such element","message":"Unable to locate element: //*[@id=\"app\"]/section/header/div/div/div/a[4]/div"," ... entError@chrome://marionette/content/error.js:389:5\nelement.find/</<@chrome://marionette/content/element.js:339:16\n"},null]
1617103623353	Marionette	DEBUG	0 -> [0,67,"WebDriver:FindElement",{"using":"xpath","value":"//*[@id=\"app\"]/section/header/div/div/div/a[4]/div"}]
1617103623357	Marionette	DEBUG	0 <- [1,67,{"error":"no such element","message":"Unable to locate element: //*[@id=\"app\"]/section/header/div/div/div/a[4]/div"," ... entError@chrome://marionette/content/error.js:389:5\nelement.find/</<@chrome://marionette/content/element.js:339:16\n"},null]
1617103623867	Marionette	DEBUG	0 -> [0,68,"WebDriver:FindElement",{"using":"xpath","value":"//*[@id=\"app\"]/section/header/div/div/div/a[4]/div"}]
1617103623872	Marionette	DEBUG	0 <- [1,68,{"error":"no such element","message":"Unable to locate element: //*[@id=\"app\"]/section/header/div/div/div/a[4]/div"," ... entError@chrome://marionette/content/error.js:389:5\nelement.find/</<@chrome://marionette/content/element.js:339:16\n"},null]
1617103624395	Marionette	DEBUG	0 -> [0,69,"WebDriver:FindElement",{"using":"xpath","value":"//*[@id=\"app\"]/section/header/div/div/div/a[4]/div"}]
1617103624399	Marionette	DEBUG	0 <- [1,69,{"error":"no such element","message":"Unable to locate element: //*[@id=\"app\"]/section/header/div/div/div/a[4]/div"," ... entError@chrome://marionette/content/error.js:389:5\nelement.find/</<@chrome://marionette/content/element.js:339:16\n"},null]
1617103624907	Marionette	DEBUG	0 -> [0,70,"WebDriver:FindElement",{"using":"xpath","value":"//*[@id=\"app\"]/section/header/div/div/div/a[4]/div"}]
1617103624912	Marionette	DEBUG	0 <- [1,70,{"error":"no such element","message":"Unable to locate element: //*[@id=\"app\"]/section/header/div/div/div/a[4]/div"," ... entError@chrome://marionette/content/error.js:389:5\nelement.find/</<@chrome://marionette/content/element.js:339:16\n"},null]
1617103625419	Marionette	DEBUG	0 -> [0,71,"WebDriver:FindElement",{"using":"xpath","value":"//*[@id=\"app\"]/section/header/div/div/div/a[4]/div"}]
1617103625420	Marionette	DEBUG	0 <- [1,71,{"error":"no such element","message":"Unable to locate element: //*[@id=\"app\"]/section/header/div/div/div/a[4]/div"," ... entError@chrome://marionette/content/error.js:389:5\nelement.find/</<@chrome://marionette/content/element.js:339:16\n"},null]
1617103625932	Marionette	DEBUG	0 -> [0,72,"WebDriver:FindElement",{"using":"xpath","value":"//*[@id=\"app\"]/section/header/div/div/div/a[4]/div"}]
1617103625936	Marionette	DEBUG	0 <- [1,72,{"error":"no such element","message":"Unable to locate element: //*[@id=\"app\"]/section/header/div/div/div/a[4]/div"," ... entError@chrome://marionette/content/error.js:389:5\nelement.find/</<@chrome://marionette/content/element.js:339:16\n"},null]
1617103626446	Marionette	DEBUG	0 -> [0,73,"WebDriver:FindElement",{"using":"xpath","value":"//*[@id=\"app\"]/section/header/div/div/div/a[4]/div"}]
1617103626450	Marionette	DEBUG	0 <- [1,73,{"error":"no such element","message":"Unable to locate element: //*[@id=\"app\"]/section/header/div/div/div/a[4]/div"," ... entError@chrome://marionette/content/error.js:389:5\nelement.find/</<@chrome://marionette/content/element.js:339:16\n"},null]
1617103626961	Marionette	DEBUG	0 -> [0,74,"WebDriver:FindElement",{"using":"xpath","value":"//*[@id=\"app\"]/section/header/div/div/div/a[4]/div"}]
1617103626966	Marionette	DEBUG	0 <- [1,74,{"error":"no such element","message":"Unable to locate element: //*[@id=\"app\"]/section/header/div/div/div/a[4]/div"," ... entError@chrome://marionette/content/error.js:389:5\nelement.find/</<@chrome://marionette/content/element.js:339:16\n"},null]
1617103627476	Marionette	DEBUG	0 -> [0,75,"WebDriver:FindElement",{"using":"xpath","value":"//*[@id=\"app\"]/section/header/div/div/div/a[4]/div"}]
1617103627479	Marionette	DEBUG	0 <- [1,75,{"error":"no such element","message":"Unable to locate element: //*[@id=\"app\"]/section/header/div/div/div/a[4]/div"," ... entError@chrome://marionette/content/error.js:389:5\nelement.find/</<@chrome://marionette/content/element.js:339:16\n"},null]
1617103627989	Marionette	DEBUG	0 -> [0,76,"WebDriver:FindElement",{"using":"xpath","value":"//*[@id=\"app\"]/section/header/div/div/div/a[4]/div"}]
1617103627993	Marionette	DEBUG	0 <- [1,76,{"error":"no such element","message":"Unable to locate element: //*[@id=\"app\"]/section/header/div/div/div/a[4]/div"," ... entError@chrome://marionette/content/error.js:389:5\nelement.find/</<@chrome://marionette/content/element.js:339:16\n"},null]
1617103628501	Marionette	DEBUG	0 -> [0,77,"WebDriver:FindElement",{"using":"xpath","value":"//*[@id=\"app\"]/section/header/div/div/div/a[4]/div"}]
1617103628505	Marionette	DEBUG	0 <- [1,77,{"error":"no such element","message":"Unable to locate element: //*[@id=\"app\"]/section/header/div/div/div/a[4]/div"," ... entError@chrome://marionette/content/error.js:389:5\nelement.find/</<@chrome://marionette/content/element.js:339:16\n"},null]
1617103629014	Marionette	DEBUG	0 -> [0,78,"WebDriver:FindElement",{"using":"xpath","value":"//*[@id=\"app\"]/section/header/div/div/div/a[4]/div"}]
1617103629018	Marionette	DEBUG	0 <- [1,78,{"error":"no such element","message":"Unable to locate element: //*[@id=\"app\"]/section/header/div/div/div/a[4]/div"," ... entError@chrome://marionette/content/error.js:389:5\nelement.find/</<@chrome://marionette/content/element.js:339:16\n"},null]
1617103629528	Marionette	DEBUG	0 -> [0,79,"WebDriver:FindElement",{"using":"xpath","value":"//*[@id=\"app\"]/section/header/div/div/div/a[4]/div"}]
1617103629532	Marionette	DEBUG	0 <- [1,79,{"error":"no such element","message":"Unable to locate element: //*[@id=\"app\"]/section/header/div/div/div/a[4]/div"," ... entError@chrome://marionette/content/error.js:389:5\nelement.find/</<@chrome://marionette/content/element.js:339:16\n"},null]
1617103630054	Marionette	DEBUG	0 -> [0,80,"WebDriver:FindElement",{"using":"xpath","value":"//*[@id=\"app\"]/section/header/div/div/div/a[4]/div"}]
1617103630059	Marionette	DEBUG	0 <- [1,80,{"error":"no such element","message":"Unable to locate element: //*[@id=\"app\"]/section/header/div/div/div/a[4]/div"," ... entError@chrome://marionette/content/error.js:389:5\nelement.find/</<@chrome://marionette/content/element.js:339:16\n"},null]
1617103630578	Marionette	DEBUG	0 -> [0,81,"WebDriver:FindElement",{"using":"xpath","value":"//*[@id=\"app\"]/section/header/div/div/div/a[4]/div"}]
1617103630582	Marionette	DEBUG	0 <- [1,81,{"error":"no such element","message":"Unable to locate element: //*[@id=\"app\"]/section/header/div/div/div/a[4]/div"," ... entError@chrome://marionette/content/error.js:389:5\nelement.find/</<@chrome://marionette/content/element.js:339:16\n"},null]
1617103631094	Marionette	DEBUG	0 -> [0,82,"WebDriver:FindElement",{"using":"xpath","value":"//*[@id=\"app\"]/section/header/div/div/div/a[4]/div"}]
1617103631098	Marionette	DEBUG	0 <- [1,82,{"error":"no such element","message":"Unable to locate element: //*[@id=\"app\"]/section/header/div/div/div/a[4]/div"," ... entError@chrome://marionette/content/error.js:389:5\nelement.find/</<@chrome://marionette/content/element.js:339:16\n"},null]
1617103631606	Marionette	DEBUG	0 -> [0,83,"WebDriver:FindElement",{"using":"xpath","value":"//*[@id=\"app\"]/section/header/div/div/div/a[4]/div"}]
1617103631611	Marionette	DEBUG	0 <- [1,83,{"error":"no such element","message":"Unable to locate element: //*[@id=\"app\"]/section/header/div/div/div/a[4]/div"," ... entError@chrome://marionette/content/error.js:389:5\nelement.find/</<@chrome://marionette/content/element.js:339:16\n"},null]
1617103632119	Marionette	DEBUG	0 -> [0,84,"WebDriver:FindElement",{"using":"xpath","value":"//*[@id=\"app\"]/section/header/div/div/div/a[4]/div"}]
1617103632127	Marionette	DEBUG	0 <- [1,84,{"error":"no such element","message":"Unable to locate element: //*[@id=\"app\"]/section/header/div/div/div/a[4]/div"," ... entError@chrome://marionette/content/error.js:389:5\nelement.find/</<@chrome://marionette/content/element.js:339:16\n"},null]
1617103632649	Marionette	DEBUG	0 -> [0,85,"WebDriver:FindElement",{"using":"xpath","value":"//*[@id=\"app\"]/section/header/div/div/div/a[4]/div"}]
1617103632653	Marionette	DEBUG	0 <- [1,85,{"error":"no such element","message":"Unable to locate element: //*[@id=\"app\"]/section/header/div/div/div/a[4]/div"," ... entError@chrome://marionette/content/error.js:389:5\nelement.find/</<@chrome://marionette/content/element.js:339:16\n"},null]
1617103633162	Marionette	DEBUG	0 -> [0,86,"WebDriver:FindElement",{"using":"xpath","value":"//*[@id=\"app\"]/section/header/div/div/div/a[4]/div"}]
1617103633166	Marionette	DEBUG	0 <- [1,86,{"error":"no such element","message":"Unable to locate element: //*[@id=\"app\"]/section/header/div/div/div/a[4]/div"," ... entError@chrome://marionette/content/error.js:389:5\nelement.find/</<@chrome://marionette/content/element.js:339:16\n"},null]
1617103633675	Marionette	DEBUG	0 -> [0,87,"WebDriver:FindElement",{"using":"xpath","value":"//*[@id=\"app\"]/section/header/div/div/div/a[4]/div"}]
1617103633679	Marionette	DEBUG	0 <- [1,87,{"error":"no such element","message":"Unable to locate element: //*[@id=\"app\"]/section/header/div/div/div/a[4]/div"," ... entError@chrome://marionette/content/error.js:389:5\nelement.find/</<@chrome://marionette/content/element.js:339:16\n"},null]
1617103634189	Marionette	DEBUG	0 -> [0,88,"WebDriver:FindElement",{"using":"xpath","value":"//*[@id=\"app\"]/section/header/div/div/div/a[4]/div"}]
1617103634194	Marionette	DEBUG	0 <- [1,88,{"error":"no such element","message":"Unable to locate element: //*[@id=\"app\"]/section/header/div/div/div/a[4]/div"," ... entError@chrome://marionette/content/error.js:389:5\nelement.find/</<@chrome://marionette/content/element.js:339:16\n"},null]
1617103634713	Marionette	DEBUG	0 -> [0,89,"WebDriver:FindElement",{"using":"xpath","value":"//*[@id=\"app\"]/section/header/div/div/div/a[4]/div"}]
1617103634715	Marionette	DEBUG	0 <- [1,89,{"error":"no such element","message":"Unable to locate element: //*[@id=\"app\"]/section/header/div/div/div/a[4]/div"," ... entError@chrome://marionette/content/error.js:389:5\nelement.find/</<@chrome://marionette/content/element.js:339:16\n"},null]
1617103635225	Marionette	DEBUG	0 -> [0,90,"WebDriver:FindElement",{"using":"xpath","value":"//*[@id=\"app\"]/section/header/div/div/div/a[4]/div"}]
1617103635229	Marionette	DEBUG	0 <- [1,90,{"error":"no such element","message":"Unable to locate element: //*[@id=\"app\"]/section/header/div/div/div/a[4]/div"," ... entError@chrome://marionette/content/error.js:389:5\nelement.find/</<@chrome://marionette/content/element.js:339:16\n"},null]
1617103635740	Marionette	DEBUG	0 -> [0,91,"WebDriver:FindElement",{"using":"xpath","value":"//*[@id=\"app\"]/section/header/div/div/div/a[4]/div"}]
1617103635741	Marionette	DEBUG	0 <- [1,91,{"error":"no such element","message":"Unable to locate element: //*[@id=\"app\"]/section/header/div/div/div/a[4]/div"," ... entError@chrome://marionette/content/error.js:389:5\nelement.find/</<@chrome://marionette/content/element.js:339:16\n"},null]
1617103636254	Marionette	DEBUG	0 -> [0,92,"WebDriver:FindElement",{"using":"xpath","value":"//*[@id=\"app\"]/section/header/div/div/div/a[4]/div"}]
1617103636260	Marionette	DEBUG	0 <- [1,92,{"error":"no such element","message":"Unable to locate element: //*[@id=\"app\"]/section/header/div/div/div/a[4]/div"," ... entError@chrome://marionette/content/error.js:389:5\nelement.find/</<@chrome://marionette/content/element.js:339:16\n"},null]
1617103636766	Marionette	DEBUG	0 -> [0,93,"WebDriver:FindElement",{"using":"xpath","value":"//*[@id=\"app\"]/section/header/div/div/div/a[4]/div"}]
1617103636770	Marionette	DEBUG	0 <- [1,93,{"error":"no such element","message":"Unable to locate element: //*[@id=\"app\"]/section/header/div/div/div/a[4]/div"," ... entError@chrome://marionette/content/error.js:389:5\nelement.find/</<@chrome://marionette/content/element.js:339:16\n"},null]
1617103637281	Marionette	DEBUG	0 -> [0,94,"WebDriver:FindElement",{"using":"xpath","value":"//*[@id=\"app\"]/section/header/div/div/div/a[4]/div"}]
1617103637284	Marionette	DEBUG	0 <- [1,94,{"error":"no such element","message":"Unable to locate element: //*[@id=\"app\"]/section/header/div/div/div/a[4]/div"," ... entError@chrome://marionette/content/error.js:389:5\nelement.find/</<@chrome://marionette/content/element.js:339:16\n"},null]
1617103637800	Marionette	DEBUG	0 -> [0,95,"WebDriver:FindElement",{"using":"xpath","value":"//*[@id=\"app\"]/section/header/div/div/div/a[4]/div"}]
1617103637805	Marionette	DEBUG	0 <- [1,95,{"error":"no such element","message":"Unable to locate element: //*[@id=\"app\"]/section/header/div/div/div/a[4]/div"," ... entError@chrome://marionette/content/error.js:389:5\nelement.find/</<@chrome://marionette/content/element.js:339:16\n"},null]
1617103638312	Marionette	DEBUG	0 -> [0,96,"WebDriver:FindElement",{"using":"xpath","value":"//*[@id=\"app\"]/section/header/div/div/div/a[4]/div"}]
1617103638313	Marionette	DEBUG	0 <- [1,96,{"error":"no such element","message":"Unable to locate element: //*[@id=\"app\"]/section/header/div/div/div/a[4]/div"," ... entError@chrome://marionette/content/error.js:389:5\nelement.find/</<@chrome://marionette/content/element.js:339:16\n"},null]
1617103638828	Marionette	DEBUG	0 -> [0,97,"WebDriver:FindElement",{"using":"xpath","value":"//*[@id=\"app\"]/section/header/div/div/div/a[4]/div"}]
1617103638831	Marionette	DEBUG	0 <- [1,97,{"error":"no such element","message":"Unable to locate element: //*[@id=\"app\"]/section/header/div/div/div/a[4]/div"," ... entError@chrome://marionette/content/error.js:389:5\nelement.find/</<@chrome://marionette/content/element.js:339:16\n"},null]
1617103639343	Marionette	DEBUG	0 -> [0,98,"WebDriver:FindElement",{"using":"xpath","value":"//*[@id=\"app\"]/section/header/div/div/div/a[4]/div"}]
1617103639346	Marionette	DEBUG	0 <- [1,98,{"error":"no such element","message":"Unable to locate element: //*[@id=\"app\"]/section/header/div/div/div/a[4]/div"," ... entError@chrome://marionette/content/error.js:389:5\nelement.find/</<@chrome://marionette/content/element.js:339:16\n"},null]
1617103639854	Marionette	DEBUG	0 -> [0,99,"WebDriver:FindElement",{"using":"xpath","value":"//*[@id=\"app\"]/section/header/div/div/div/a[4]/div"}]
1617103639859	Marionette	DEBUG	0 <- [1,99,{"error":"no such element","message":"Unable to locate element: //*[@id=\"app\"]/section/header/div/div/div/a[4]/div"," ... entError@chrome://marionette/content/error.js:389:5\nelement.find/</<@chrome://marionette/content/element.js:339:16\n"},null]
1617103640382	Marionette	DEBUG	0 -> [0,100,"WebDriver:FindElement",{"using":"xpath","value":"//*[@id=\"app\"]/section/header/div/div/div/a[4]/div"}]
1617103640385	Marionette	DEBUG	0 <- [1,100,{"error":"no such element","message":"Unable to locate element: //*[@id=\"app\"]/section/header/div/div/div/a[4]/div", ... entError@chrome://marionette/content/error.js:389:5\nelement.find/</<@chrome://marionette/content/element.js:339:16\n"},null]
1617103640896	Marionette	DEBUG	0 -> [0,101,"WebDriver:FindElement",{"using":"xpath","value":"//*[@id=\"app\"]/section/header/div/div/div/a[4]/div"}]
1617103640899	Marionette	DEBUG	0 <- [1,101,{"error":"no such element","message":"Unable to locate element: //*[@id=\"app\"]/section/header/div/div/div/a[4]/div", ... entError@chrome://marionette/content/error.js:389:5\nelement.find/</<@chrome://marionette/content/element.js:339:16\n"},null]
1617103641409	Marionette	DEBUG	0 -> [0,102,"WebDriver:FindElement",{"using":"xpath","value":"//*[@id=\"app\"]/section/header/div/div/div/a[4]/div"}]
1617103641413	Marionette	DEBUG	0 <- [1,102,{"error":"no such element","message":"Unable to locate element: //*[@id=\"app\"]/section/header/div/div/div/a[4]/div", ... entError@chrome://marionette/content/error.js:389:5\nelement.find/</<@chrome://marionette/content/element.js:339:16\n"},null]
1617103641921	Marionette	DEBUG	0 -> [0,103,"WebDriver:FindElement",{"using":"xpath","value":"//*[@id=\"app\"]/section/header/div/div/div/a[4]/div"}]
1617103641926	Marionette	DEBUG	0 <- [1,103,{"error":"no such element","message":"Unable to locate element: //*[@id=\"app\"]/section/header/div/div/div/a[4]/div", ... entError@chrome://marionette/content/error.js:389:5\nelement.find/</<@chrome://marionette/content/element.js:339:16\n"},null]
1617103642434	Marionette	DEBUG	0 -> [0,104,"WebDriver:FindElement",{"using":"xpath","value":"//*[@id=\"app\"]/section/header/div/div/div/a[4]/div"}]
1617103642438	Marionette	DEBUG	0 <- [1,104,{"error":"no such element","message":"Unable to locate element: //*[@id=\"app\"]/section/header/div/div/div/a[4]/div", ... entError@chrome://marionette/content/error.js:389:5\nelement.find/</<@chrome://marionette/content/element.js:339:16\n"},null]
1617103642946	Marionette	DEBUG	0 -> [0,105,"WebDriver:FindElement",{"using":"xpath","value":"//*[@id=\"app\"]/section/header/div/div/div/a[4]/div"}]
1617103642950	Marionette	DEBUG	0 <- [1,105,{"error":"no such element","message":"Unable to locate element: //*[@id=\"app\"]/section/header/div/div/div/a[4]/div", ... entError@chrome://marionette/content/error.js:389:5\nelement.find/</<@chrome://marionette/content/element.js:339:16\n"},null]
1617103643459	Marionette	DEBUG	0 -> [0,106,"WebDriver:FindElement",{"using":"xpath","value":"//*[@id=\"app\"]/section/header/div/div/div/a[4]/div"}]
1617103643461	Marionette	DEBUG	0 <- [1,106,{"error":"no such element","message":"Unable to locate element: //*[@id=\"app\"]/section/header/div/div/div/a[4]/div", ... entError@chrome://marionette/content/error.js:389:5\nelement.find/</<@chrome://marionette/content/element.js:339:16\n"},null]
1617103643981	Marionette	DEBUG	0 -> [0,107,"WebDriver:FindElement",{"using":"xpath","value":"//*[@id=\"app\"]/section/header/div/div/div/a[4]/div"}]
1617103643984	Marionette	DEBUG	0 <- [1,107,{"error":"no such element","message":"Unable to locate element: //*[@id=\"app\"]/section/header/div/div/div/a[4]/div", ... entError@chrome://marionette/content/error.js:389:5\nelement.find/</<@chrome://marionette/content/element.js:339:16\n"},null]
1617103644492	Marionette	DEBUG	0 -> [0,108,"WebDriver:FindElement",{"using":"xpath","value":"//*[@id=\"app\"]/section/header/div/div/div/a[4]/div"}]
1617103644494	Marionette	DEBUG	0 <- [1,108,{"error":"no such element","message":"Unable to locate element: //*[@id=\"app\"]/section/header/div/div/div/a[4]/div", ... entError@chrome://marionette/content/error.js:389:5\nelement.find/</<@chrome://marionette/content/element.js:339:16\n"},null]
1617103645107	Marionette	DEBUG	0 -> [0,109,"WebDriver:FindElement",{"using":"xpath","value":"//*[@id=\"app\"]/section/header/div/div/div/a[4]/div"}]
1617103645109	Marionette	DEBUG	0 <- [1,109,{"error":"no such element","message":"Unable to locate element: //*[@id=\"app\"]/section/header/div/div/div/a[4]/div", ... entError@chrome://marionette/content/error.js:389:5\nelement.find/</<@chrome://marionette/content/element.js:339:16\n"},null]
1617103645615	Marionette	DEBUG	0 -> [0,110,"WebDriver:FindElement",{"using":"xpath","value":"//*[@id=\"app\"]/section/header/div/div/div/a[4]/div"}]
1617103645617	Marionette	DEBUG	0 <- [1,110,{"error":"no such element","message":"Unable to locate element: //*[@id=\"app\"]/section/header/div/div/div/a[4]/div", ... entError@chrome://marionette/content/error.js:389:5\nelement.find/</<@chrome://marionette/content/element.js:339:16\n"},null]
1617103646217	Marionette	DEBUG	0 -> [0,111,"WebDriver:FindElement",{"using":"xpath","value":"//*[@id=\"app\"]/section/header/div/div/div/a[4]/div"}]
1617103646219	Marionette	DEBUG	0 <- [1,111,{"error":"no such element","message":"Unable to locate element: //*[@id=\"app\"]/section/header/div/div/div/a[4]/div", ... entError@chrome://marionette/content/error.js:389:5\nelement.find/</<@chrome://marionette/content/element.js:339:16\n"},null]
1617103646737	Marionette	DEBUG	0 -> [0,112,"WebDriver:FindElement",{"using":"xpath","value":"//*[@id=\"app\"]/section/header/div/div/div/a[4]/div"}]
1617103646739	Marionette	DEBUG	0 <- [1,112,{"error":"no such element","message":"Unable to locate element: //*[@id=\"app\"]/section/header/div/div/div/a[4]/div", ... entError@chrome://marionette/content/error.js:389:5\nelement.find/</<@chrome://marionette/content/element.js:339:16\n"},null]
1617103647332	Marionette	DEBUG	0 -> [0,113,"WebDriver:FindElement",{"using":"xpath","value":"//*[@id=\"app\"]/section/header/div/div/div/a[4]/div"}]
1617103647334	Marionette	DEBUG	0 <- [1,113,{"error":"no such element","message":"Unable to locate element: //*[@id=\"app\"]/section/header/div/div/div/a[4]/div", ... entError@chrome://marionette/content/error.js:389:5\nelement.find/</<@chrome://marionette/content/element.js:339:16\n"},null]
1617103647847	Marionette	DEBUG	0 -> [0,114,"WebDriver:FindElement",{"using":"xpath","value":"//*[@id=\"app\"]/section/header/div/div/div/a[4]/div"}]
1617103647849	Marionette	DEBUG	0 <- [1,114,{"error":"no such element","message":"Unable to locate element: //*[@id=\"app\"]/section/header/div/div/div/a[4]/div", ... entError@chrome://marionette/content/error.js:389:5\nelement.find/</<@chrome://marionette/content/element.js:339:16\n"},null]
1617103648367	Marionette	DEBUG	0 -> [0,115,"WebDriver:FindElement",{"using":"xpath","value":"//*[@id=\"app\"]/section/header/div/div/div/a[4]/div"}]
1617103648369	Marionette	DEBUG	0 <- [1,115,{"error":"no such element","message":"Unable to locate element: //*[@id=\"app\"]/section/header/div/div/div/a[4]/div", ... entError@chrome://marionette/content/error.js:389:5\nelement.find/</<@chrome://marionette/content/element.js:339:16\n"},null]
1617103648883	Marionette	DEBUG	0 -> [0,116,"WebDriver:FindElement",{"using":"xpath","value":"//*[@id=\"app\"]/section/header/div/div/div/a[4]/div"}]
1617103648886	Marionette	DEBUG	0 <- [1,116,{"error":"no such element","message":"Unable to locate element: //*[@id=\"app\"]/section/header/div/div/div/a[4]/div", ... entError@chrome://marionette/content/error.js:389:5\nelement.find/</<@chrome://marionette/content/element.js:339:16\n"},null]
1617103649401	Marionette	DEBUG	0 -> [0,117,"WebDriver:FindElement",{"using":"xpath","value":"//*[@id=\"app\"]/section/header/div/div/div/a[4]/div"}]
1617103649406	Marionette	DEBUG	0 <- [1,117,{"error":"no such element","message":"Unable to locate element: //*[@id=\"app\"]/section/header/div/div/div/a[4]/div", ... entError@chrome://marionette/content/error.js:389:5\nelement.find/</<@chrome://marionette/content/element.js:339:16\n"},null]
1617103649930	Marionette	DEBUG	0 -> [0,118,"WebDriver:FindElement",{"using":"xpath","value":"//*[@id=\"app\"]/section/header/div/div/div/a[4]/div"}]
1617103649935	Marionette	DEBUG	0 <- [1,118,{"error":"no such element","message":"Unable to locate element: //*[@id=\"app\"]/section/header/div/div/div/a[4]/div", ... entError@chrome://marionette/content/error.js:389:5\nelement.find/</<@chrome://marionette/content/element.js:339:16\n"},null]
1617103650454	Marionette	DEBUG	0 -> [0,119,"WebDriver:FindElement",{"using":"xpath","value":"//*[@id=\"app\"]/section/header/div/div/div/a[4]/div"}]
1617103650456	Marionette	DEBUG	0 <- [1,119,{"error":"no such element","message":"Unable to locate element: //*[@id=\"app\"]/section/header/div/div/div/a[4]/div", ... entError@chrome://marionette/content/error.js:389:5\nelement.find/</<@chrome://marionette/content/element.js:339:16\n"},null]
1617103650967	Marionette	DEBUG	0 -> [0,120,"WebDriver:FindElement",{"using":"xpath","value":"//*[@id=\"app\"]/section/header/div/div/div/a[4]/div"}]
1617103650970	Marionette	DEBUG	0 <- [1,120,{"error":"no such element","message":"Unable to locate element: //*[@id=\"app\"]/section/header/div/div/div/a[4]/div", ... entError@chrome://marionette/content/error.js:389:5\nelement.find/</<@chrome://marionette/content/element.js:339:16\n"},null]
1617103651480	Marionette	DEBUG	0 -> [0,121,"WebDriver:FindElement",{"using":"xpath","value":"//*[@id=\"app\"]/section/header/div/div/div/a[4]/div"}]
1617103651484	Marionette	DEBUG	0 <- [1,121,{"error":"no such element","message":"Unable to locate element: //*[@id=\"app\"]/section/header/div/div/div/a[4]/div", ... entError@chrome://marionette/content/error.js:389:5\nelement.find/</<@chrome://marionette/content/element.js:339:16\n"},null]
1617103651996	Marionette	DEBUG	0 -> [0,122,"WebDriver:FindElement",{"using":"xpath","value":"//*[@id=\"app\"]/section/header/div/div/div/a[4]/div"}]
1617103652000	Marionette	DEBUG	0 <- [1,122,{"error":"no such element","message":"Unable to locate element: //*[@id=\"app\"]/section/header/div/div/div/a[4]/div", ... entError@chrome://marionette/content/error.js:389:5\nelement.find/</<@chrome://marionette/content/element.js:339:16\n"},null]
1617103652509	Marionette	DEBUG	0 -> [0,123,"WebDriver:FindElement",{"using":"xpath","value":"//*[@id=\"app\"]/section/header/div/div/div/a[4]/div"}]
1617103652514	Marionette	DEBUG	0 <- [1,123,{"error":"no such element","message":"Unable to locate element: //*[@id=\"app\"]/section/header/div/div/div/a[4]/div", ... entError@chrome://marionette/content/error.js:389:5\nelement.find/</<@chrome://marionette/content/element.js:339:16\n"},null]
1617103653022	Marionette	DEBUG	0 -> [0,124,"WebDriver:FindElement",{"using":"xpath","value":"//*[@id=\"app\"]/section/header/div/div/div/a[4]/div"}]
1617103653026	Marionette	DEBUG	0 <- [1,124,{"error":"no such element","message":"Unable to locate element: //*[@id=\"app\"]/section/header/div/div/div/a[4]/div", ... entError@chrome://marionette/content/error.js:389:5\nelement.find/</<@chrome://marionette/content/element.js:339:16\n"},null]
1617103653533	Marionette	DEBUG	0 -> [0,125,"WebDriver:FindElement",{"using":"xpath","value":"//*[@id=\"app\"]/section/header/div/div/div/a[4]/div"}]
1617103653536	Marionette	DEBUG	0 <- [1,125,{"error":"no such element","message":"Unable to locate element: //*[@id=\"app\"]/section/header/div/div/div/a[4]/div", ... entError@chrome://marionette/content/error.js:389:5\nelement.find/</<@chrome://marionette/content/element.js:339:16\n"},null]
1617103654049	Marionette	DEBUG	0 -> [0,126,"WebDriver:TakeScreenshot",{"full":false,"highlights":[],"id":null}]
1617103654160	Marionette	DEBUG	0 <- [1,126,null,{"value":"iVBORw0KGgoAAAANSUhEUgAABaAAAAMSCAYAAACccmOMAAAgAElEQVR4nOzdeXhUdaLn/9Au7YJ9t/n13ebOTNs988yde+e589xyaa6 ... A4fYQQQgjRhQIaAABggXcfinxMAb1q//0dFyIEcPUIIYQQogsFNAAAwALvfCPy8aPjl6yI+9P3Im9xIUIAV4wQQgghuvw/Nhsrmy8Eb64AAAAASUVORK5CYII="}]
1617103654170	Marionette	DEBUG	0 -> [0,127,"Marionette:Quit",{"flags":["eForceQuit"]}]
1617103654171	Marionette	INFO	Stopped listening on port 52357
1617103654252	Marionette	TRACE	Received observer notification quit-application
1617103654262	Marionette	DEBUG	0 <- [1,127,null,{"cause":"shutdown"}]
[Child 17952, Chrome_ChildThread] WARNING: pipe error: 109: file z:/task_1554724386/build/src/ipc/chromium/src/chrome/common/ipc_channel_win.cc, line 341
[Child 17952, Chrome_ChildThread] WARNING: pipe error: 109: file z:/task_1554724386/build/src/ipc/chromium/src/chrome/common/ipc_channel_win.cc, line 341
1617103654321	Marionette	DEBUG	0 -> [0,128,"Marionette:Quit",{"flags":["eForceQuit"]}]
1617103654321	Marionette	DEBUG	0 <- [1,128,{"error":"invalid session id","message":"Tried to run command without establishing a connection","stacktrace":"WebDriv ... t@chrome://marionette/content/server.js:236:9\n_onJSONObjectReady/<@chrome://marionette/content/transport.js:492:20\n"},null]
1617103654338	Marionette	DEBUG	Closed connection 0
[Parent 12392, Gecko_IOThread] WARNING: pipe error: 109: file z:/task_1554724386/build/src/ipc/chromium/src/chrome/common/ipc_channel_win.cc, line 341
[Child 31332, Chrome_ChildThread] WARNING: pipe error: 109: file z:/task_1554724386/build/src/ipc/chromium/src/chrome/common/ipc_channel_win.cc, line 341
[Child 31332, Chrome_ChildThread] WARNING: pipe error: 109: file z:/task_1554724386/build/src/ipc/chromium/src/chrome/common/ipc_channel_win.cc, line 341
1617103654624	Marionette	TRACE	Received observer notification xpcom-will-shutdown
1617103654624	Marionette	DEBUG	Resetting recommended pref apz.content_response_timeout
1617103654625	Marionette	DEBUG	Resetting recommended pref browser.contentblocking.introCount
1617103654625	Marionette	DEBUG	Resetting recommended pref browser.download.panel.shown
1617103654625	Marionette	DEBUG	Resetting recommended pref browser.newtabpage.enabled
1617103654626	Marionette	DEBUG	Resetting recommended pref browser.pagethumbnails.capturing_disabled
1617103654626	Marionette	DEBUG	Resetting recommended pref browser.search.update
1617103654627	Marionette	DEBUG	Resetting recommended pref browser.tabs.disableBackgroundZombification
1617103654627	Marionette	DEBUG	Resetting recommended pref browser.tabs.warnOnCloseOtherTabs
1617103654627	Marionette	DEBUG	Resetting recommended pref browser.tabs.warnOnOpen
1617103654627	Marionette	DEBUG	Resetting recommended pref browser.usedOnWindows10.introURL
1617103654627	Marionette	DEBUG	Resetting recommended pref browser.urlbar.suggest.searches
1617103654628	Marionette	DEBUG	Resetting recommended pref datareporting.policy.dataSubmissionPolicyAccepted
1617103654628	Marionette	DEBUG	Resetting recommended pref dom.disable_beforeunload
1617103654629	Marionette	DEBUG	Resetting recommended pref dom.disable_open_during_load
1617103654629	Marionette	DEBUG	Resetting recommended pref dom.file.createInChild
1617103654629	Marionette	DEBUG	Resetting recommended pref dom.max_chrome_script_run_time
1617103654629	Marionette	DEBUG	Resetting recommended pref dom.max_script_run_time
1617103654629	Marionette	DEBUG	Resetting recommended pref extensions.getAddons.cache.enabled
1617103654630	Marionette	DEBUG	Resetting recommended pref extensions.webservice.discoverURL
1617103654630	Marionette	DEBUG	Resetting recommended pref network.http.prompt-temp-redirect
1617103654630	Marionette	DEBUG	Resetting recommended pref network.http.speculative-parallel-limit
1617103654630	Marionette	DEBUG	Resetting recommended pref security.certerrors.mitm.priming.enabled
1617103654630	Marionette	DEBUG	Resetting recommended pref security.fileuri.strict_origin_policy
1617103654630	Marionette	DEBUG	Resetting recommended pref security.notification_enable_delay
1617103654630	Marionette	DEBUG	Resetting recommended pref signon.autofillForms
1617103654630	Marionette	DEBUG	Resetting recommended pref signon.rememberSignons
1617103654630	Marionette	DEBUG	Resetting recommended pref toolkit.cosmeticAnimations.enabled
1617103654631	Marionette	DEBUG	Remote service is inactive

###!!! [Child][RunMessage] Error: Channel closing: too late to send/recv, messages will be lost

[GPU 22288, Chrome_ChildThread] WARNING: pipe error: 109: file z:/task_1554724386/build/src/ipc/chromium/src/chrome/common/ipc_channel_win.cc, line 341

###!!! [Child][MessageChannel::SendAndWait] Error: Channel error: cannot send/recv

